{"level":"error","message":"ER_NOT_SUPPORTED_AUTH_MODE: Client does not support authentication protocol requested by server; consider upgrading MySQL client"}
{"level":"error","message":"ER_NOT_SUPPORTED_AUTH_MODE: Client does not support authentication protocol requested by server; consider upgrading MySQL client"}
{"level":"error","message":"ER_NOT_SUPPORTED_AUTH_MODE: Client does not support authentication protocol requested by server; consider upgrading MySQL client"}
{"level":"error","message":"ER_NOT_SUPPORTED_AUTH_MODE: Client does not support authentication protocol requested by server; consider upgrading MySQL client"}
{"level":"error","message":"ER_NOT_SUPPORTED_AUTH_MODE: Client does not support authentication protocol requested by server; consider upgrading MySQL client"}
{"level":"error","message":"ER_NOT_SUPPORTED_AUTH_MODE: Client does not support authentication protocol requested by server; consider upgrading MySQL client"}
{"level":"error","message":"ER_NOT_SUPPORTED_AUTH_MODE: Client does not support authentication protocol requested by server; consider upgrading MySQL client"}
{"level":"error","message":"ER_NOT_SUPPORTED_AUTH_MODE: Client does not support authentication protocol requested by server; consider upgrading MySQL client"}
{"level":"error","message":"ER_NOT_SUPPORTED_AUTH_MODE: Client does not support authentication protocol requested by server; consider upgrading MySQL client"}
{"level":"error","message":"Cannot enqueue Query after fatal error."}
{"level":"error","message":"Cannot enqueue Query after fatal error."}
{"level":"error","message":"ER_NOT_SUPPORTED_AUTH_MODE: Client does not support authentication protocol requested by server; consider upgrading MySQL client"}
{"level":"error","message":"Cannot enqueue Query after fatal error."}
{"level":"error","message":"ER_NOT_SUPPORTED_AUTH_MODE: Client does not support authentication protocol requested by server; consider upgrading MySQL client"}
{"level":"error","message":"Cannot enqueue Query after fatal error."}
{"level":"error","message":"ER_NOT_SUPPORTED_AUTH_MODE: Client does not support authentication protocol requested by server; consider upgrading MySQL client"}
{"level":"error","message":"Cannot enqueue Query after fatal error."}
{"level":"error","message":"ER_NOT_SUPPORTED_AUTH_MODE: Client does not support authentication protocol requested by server; consider upgrading MySQL client"}
{"level":"error","message":"Cannot enqueue Query after fatal error."}
{"level":"error","message":"Cannot enqueue Query after fatal error."}
{"level":"error","message":"ER_NOT_SUPPORTED_AUTH_MODE: Client does not support authentication protocol requested by server; consider upgrading MySQL client"}
{"level":"error","message":"Cannot enqueue Query after fatal error."}
{"level":"error","message":"ER_NOT_SUPPORTED_AUTH_MODE: Client does not support authentication protocol requested by server; consider upgrading MySQL client"}
{"level":"error","message":"Cannot enqueue Query after fatal error."}
{"level":"error","message":"Cannot enqueue Query after fatal error."}
{"level":"error","message":"ER_NOT_SUPPORTED_AUTH_MODE: Client does not support authentication protocol requested by server; consider upgrading MySQL client"}
{"level":"error","message":"Cannot enqueue Query after fatal error."}
{"level":"error","message":"Cannot enqueue Query after fatal error."}
{"level":"error","message":"ER_NOT_SUPPORTED_AUTH_MODE: Client does not support authentication protocol requested by server; consider upgrading MySQL client"}
{"level":"error","message":"Cannot enqueue Query after fatal error."}
{"level":"error","message":"Cannot enqueue Query after fatal error."}
{"level":"error","message":"ER_NOT_SUPPORTED_AUTH_MODE: Client does not support authentication protocol requested by server; consider upgrading MySQL client"}
{"level":"error","message":"ER_NOT_SUPPORTED_AUTH_MODE: Client does not support authentication protocol requested by server; consider upgrading MySQL client"}
{"level":"error","message":"ER_NOT_SUPPORTED_AUTH_MODE: Client does not support authentication protocol requested by server; consider upgrading MySQL client"}
{"level":"error","message":"ER_NOT_SUPPORTED_AUTH_MODE: Client does not support authentication protocol requested by server; consider upgrading MySQL client"}
{"level":"error","message":"ER_NOT_SUPPORTED_AUTH_MODE: Client does not support authentication protocol requested by server; consider upgrading MySQL client"}
{"level":"error","message":"ER_NOT_SUPPORTED_AUTH_MODE: Client does not support authentication protocol requested by server; consider upgrading MySQL client"}
{"level":"error","message":"ER_NOT_SUPPORTED_AUTH_MODE: Client does not support authentication protocol requested by server; consider upgrading MySQL client"}
{"level":"error","message":"ER_NOT_SUPPORTED_AUTH_MODE: Client does not support authentication protocol requested by server; consider upgrading MySQL client"}
{"level":"error","message":"ER_NOT_SUPPORTED_AUTH_MODE: Client does not support authentication protocol requested by server; consider upgrading MySQL client"}
{"level":"error","message":"ER_NOT_SUPPORTED_AUTH_MODE: Client does not support authentication protocol requested by server; consider upgrading MySQL client"}
{"level":"error","message":"ER_NOT_SUPPORTED_AUTH_MODE: Client does not support authentication protocol requested by server; consider upgrading MySQL client"}
{"level":"error","message":"ER_NOT_SUPPORTED_AUTH_MODE: Client does not support authentication protocol requested by server; consider upgrading MySQL client"}
{"level":"error","message":"ER_NOT_SUPPORTED_AUTH_MODE: Client does not support authentication protocol requested by server; consider upgrading MySQL client"}
{"level":"error","message":"ER_NOT_SUPPORTED_AUTH_MODE: Client does not support authentication protocol requested by server; consider upgrading MySQL client"}
{"level":"error","message":"ER_NOT_SUPPORTED_AUTH_MODE: Client does not support authentication protocol requested by server; consider upgrading MySQL client"}
{"level":"error","message":"ER_NOT_SUPPORTED_AUTH_MODE: Client does not support authentication protocol requested by server; consider upgrading MySQL client"}
{"level":"error","message":"ER_NOT_SUPPORTED_AUTH_MODE: Client does not support authentication protocol requested by server; consider upgrading MySQL client"}
{"level":"error","message":"ER_NOT_SUPPORTED_AUTH_MODE: Client does not support authentication protocol requested by server; consider upgrading MySQL client"}
{"level":"error","message":"ER_NOT_SUPPORTED_AUTH_MODE: Client does not support authentication protocol requested by server; consider upgrading MySQL client"}
{"level":"error","message":"ER_NOT_SUPPORTED_AUTH_MODE: Client does not support authentication protocol requested by server; consider upgrading MySQL client"}
{"level":"error","message":"ER_NOT_SUPPORTED_AUTH_MODE: Client does not support authentication protocol requested by server; consider upgrading MySQL client"}
{"level":"error","message":"ER_NOT_SUPPORTED_AUTH_MODE: Client does not support authentication protocol requested by server; consider upgrading MySQL client"}
{"level":"error","message":"ER_NOT_SUPPORTED_AUTH_MODE: Client does not support authentication protocol requested by server; consider upgrading MySQL client"}
{"level":"error","message":"ER_NOT_SUPPORTED_AUTH_MODE: Client does not support authentication protocol requested by server; consider upgrading MySQL client"}
{"level":"error","message":"ER_NOT_SUPPORTED_AUTH_MODE: Client does not support authentication protocol requested by server; consider upgrading MySQL client"}
{"level":"error","message":"ER_NO_SUCH_TABLE: Table 'godatabases.users' doesn't exist"}
{"level":"error","message":"ER_NO_SUCH_TABLE: Table 'godatabases.users' doesn't exist"}
{"level":"error","message":"ER_NO_SUCH_TABLE: Table 'godatabases.users' doesn't exist"}
{"level":"error","message":"ER_DUP_FIELDNAME: Duplicate column name 'last_login'"}
{"level":"error","message":"ER_TRUNCATED_WRONG_VALUE: Incorrect datetime value: '2024-01-27T08:13:07.744Z' for column 'last_login' at row 1"}
{"level":"error","message":"ER_DUP_FIELDNAME: Duplicate column name 'last_login'"}
{"level":"error","message":"ER_TRUNCATED_WRONG_VALUE: Incorrect datetime value: '2024-01-27T08:13:50.359Z' for column 'last_login' at row 1"}
{"level":"error","message":"ER_DUP_FIELDNAME: Duplicate column name 'last_login'"}
{"level":"error","message":"ER_PARSE_ERROR: You have an error in your SQL syntax; check the manual that corresponds to your MySQL server version for the right syntax to use near 'IF NOT EXISTS last_login varchar(255)' at line 1"}
{"level":"error","message":"ER_BAD_FIELD_ERROR: Unknown column 'last_login' in 'field list'"}
{"level":"error","message":"ER_PARSE_ERROR: You have an error in your SQL syntax; check the manual that corresponds to your MySQL server version for the right syntax to use near 'IF NOT EXISTS last_login varchar(255)' at line 1"}
{"level":"error","message":"ER_BAD_FIELD_ERROR: Unknown column 'last_login' in 'field list'"}
{"level":"error","message":"ER_PARSE_ERROR: You have an error in your SQL syntax; check the manual that corresponds to your MySQL server version for the right syntax to use near 'IF NOT EXISTS m_users ADD last_login varchar(255)' at line 1"}
{"level":"error","message":"ER_BAD_FIELD_ERROR: Unknown column 'last_login' in 'field list'"}
{"level":"error","message":"ER_PARSE_ERROR: You have an error in your SQL syntax; check the manual that corresponds to your MySQL server version for the right syntax to use near 'IF NOT EXISTS (SELECT * FROM m_users) ALTER TABLE m_users ADD last_login text' at line 1"}
{"level":"error","message":"ER_BAD_FIELD_ERROR: Unknown column 'last_login' in 'field list'"}
{"level":"error","message":"ER_PARSE_ERROR: You have an error in your SQL syntax; check the manual that corresponds to your MySQL server version for the right syntax to use near 'IF NOT EXISTS last_login text' at line 1"}
{"level":"error","message":"ER_BAD_FIELD_ERROR: Unknown column 'last_login' in 'field list'"}
